<?xml version="1.0" encoding="UTF-8"?>
<testng-results skipped="0" failed="0" total="0" passed="0">
  <reporter-output>
  </reporter-output>
  <suite name="Cucumber Framework" duration-ms="14291" started-at="2021-05-02T22:20:22Z" finished-at="2021-05-02T22:20:36Z">
    <groups>
    </groups>
    <test name="Cucumber Tests" duration-ms="14291" started-at="2021-05-02T22:20:22Z" finished-at="2021-05-02T22:20:36Z">
    </test> <!-- Cucumber Tests -->
  </suite> <!-- Cucumber Framework -->
</testng-results>
